<?xml version="1.0" encoding="UTF-8"?>
<!-- Generated by org.testng.reporters.JUnitXMLReporter -->
<testsuite hostname="prakash-pc" name="Group Test Demo" tests="5" failures="0" timestamp="20 Jun 2015 06:15:32 GMT" time="0.125" errors="0">
  <testcase name="method2" time="0.031" classname="com.selenium.test.GroupTest"/>
  <testcase name="method4" time="0.0" classname="com.selenium.test.GroupTest"/>
  <testcase name="method1" time="0.016" classname="com.selenium.test.B"/>
  <testcase name="method3" time="0.016" classname="com.selenium.test.B"/>
  <testcase name="method4" time="0.0" classname="com.selenium.test.B"/>
</testsuite> <!-- Group Test Demo -->
